Using pre-set license
Built from '2020.3/staging' branch; Version is '2020.3.32f1 (12f8b0834f07) revision 1243312'; Using compiler version '192528614'; Build Type 'Release'
OS: 'Windows 10  (10.0.19044) 64bit CoreSingleLanguage' Language: 'pt' Physical Memory: 8036 MB
BatchMode: 1, IsHumanControllingUs: 0, StartBugReporterOnCrash: 0, Is64bit: 1, IsPro: 0

COMMAND LINE ARGUMENTS:
C:\Program Files\Unity\Hub\Editor\2020.3.32f1\Editor\Unity.exe
-adb2
-batchMode
-noUpm
-name
AssetImportWorker0
-projectPath
C:/Users/lucas/Documents/GitHub/LookAway
-logFile
Logs/AssetImportWorker0.log
-srvPort
60367
Successfully changed project path to: C:/Users/lucas/Documents/GitHub/LookAway
C:/Users/lucas/Documents/GitHub/LookAway
Using Asset Import Pipeline V2.
Refreshing native plugins compatible for Editor in 153.66 ms, found 2 plugins.
Preloading 0 native plugins for Editor in 0.00 ms.
Initialize engine version: 2020.3.32f1 (12f8b0834f07)
[Subsystems] Discovering subsystems at path C:/Program Files/Unity/Hub/Editor/2020.3.32f1/Editor/Data/Resources/UnitySubsystems
[Subsystems] Discovering subsystems at path C:/Users/lucas/Documents/GitHub/LookAway/Assets
GfxDevice: creating device client; threaded=0
Direct3D:
    Version:  Direct3D 11.0 [level 11.1]
    Renderer: NVIDIA GeForce GTX 1650 (ID=0x1f91)
    Vendor:   
    VRAM:     3962 MB
    Driver:   30.0.15.1169
Initialize mono
Mono path[0] = 'C:/Program Files/Unity/Hub/Editor/2020.3.32f1/Editor/Data/Managed'
Mono path[1] = 'C:/Program Files/Unity/Hub/Editor/2020.3.32f1/Editor/Data/MonoBleedingEdge/lib/mono/unityjit'
Mono config path = 'C:/Program Files/Unity/Hub/Editor/2020.3.32f1/Editor/Data/MonoBleedingEdge/etc'
Using monoOptions --debugger-agent=transport=dt_socket,embedding=1,server=y,suspend=n,address=127.0.0.1:56616
Begin MonoManager ReloadAssembly
Registering precompiled unity dll's ...
Register platform support module: C:/Program Files/Unity/Hub/Editor/2020.3.32f1/Editor/Data/PlaybackEngines/WindowsStandaloneSupport/UnityEditor.WindowsStandalone.Extensions.dll
Registered in 0.005183 seconds.
Native extension for WindowsStandalone target not found
Refreshing native plugins compatible for Editor in 105.82 ms, found 2 plugins.
Preloading 0 native plugins for Editor in 0.00 ms.
Mono: successfully reloaded assembly
- Completed reload, in  0.797 seconds
Domain Reload Profiling:
	ReloadAssembly (798ms)
		BeginReloadAssembly (124ms)
			ExecutionOrderSort (0ms)
			DisableScriptedObjects (0ms)
			BackupInstance (0ms)
			ReleaseScriptingObjects (0ms)
			CreateAndSetChildDomain (2ms)
		EndReloadAssembly (580ms)
			LoadAssemblies (119ms)
			RebuildTransferFunctionScriptingTraits (1ms)
			SetupTypeCache (173ms)
			ReleaseScriptCaches (0ms)
			RebuildScriptCaches (31ms)
			SetupLoadedEditorAssemblies (254ms)
				LogAssemblyErrors (0ms)
				InitializePlatformSupportModulesInManaged (6ms)
				SetLoadedEditorAssemblies (0ms)
				RefreshPlugins (106ms)
				BeforeProcessingInitializeOnLoad (17ms)
				ProcessInitializeOnLoadAttributes (92ms)
				ProcessInitializeOnLoadMethodAttributes (33ms)
				AfterProcessingInitializeOnLoad (0ms)
				EditorAssembliesLoaded (1ms)
			ExecutionOrderSort2 (0ms)
			AwakeInstancesAfterBackupRestoration (0ms)
Platform modules already initialized, skipping
Registering precompiled user dll's ...
Registered in 0.021786 seconds.
Begin MonoManager ReloadAssembly
Symbol file LoadedFromMemory doesn't match image C:\Users\lucas\Documents\GitHub\LookAway\Library\PackageCache\com.unity.collab-proxy@1.15.15\Lib\Editor\PlasticSCM\unityplastic.dll
Native extension for WindowsStandalone target not found
Refreshing native plugins compatible for Editor in 110.13 ms, found 2 plugins.
Preloading 0 native plugins for Editor in 0.00 ms.
Mono: successfully reloaded assembly
- Completed reload, in  1.846 seconds
Domain Reload Profiling:
	ReloadAssembly (1847ms)
		BeginReloadAssembly (167ms)
			ExecutionOrderSort (0ms)
			DisableScriptedObjects (4ms)
			BackupInstance (0ms)
			ReleaseScriptingObjects (0ms)
			CreateAndSetChildDomain (23ms)
		EndReloadAssembly (1605ms)
			LoadAssemblies (217ms)
			RebuildTransferFunctionScriptingTraits (0ms)
			SetupTypeCache (474ms)
			ReleaseScriptCaches (1ms)
			RebuildScriptCaches (79ms)
			SetupLoadedEditorAssemblies (663ms)
				LogAssemblyErrors (0ms)
				InitializePlatformSupportModulesInManaged (4ms)
				SetLoadedEditorAssemblies (0ms)
				RefreshPlugins (110ms)
				BeforeProcessingInitializeOnLoad (179ms)
				ProcessInitializeOnLoadAttributes (272ms)
				ProcessInitializeOnLoadMethodAttributes (87ms)
				AfterProcessingInitializeOnLoad (11ms)
				EditorAssembliesLoaded (0ms)
			ExecutionOrderSort2 (0ms)
			AwakeInstancesAfterBackupRestoration (7ms)
Platform modules already initialized, skipping
========================================================================
Worker process is ready to serve import requests
Launched and connected shader compiler UnityShaderCompiler.exe after 0.11 seconds
Refreshing native plugins compatible for Editor in 1.58 ms, found 2 plugins.
Preloading 0 native plugins for Editor in 0.00 ms.
Unloading 4339 Unused Serialized files (Serialized files now loaded: 0)
System memory in use before: 214.5 MB.
System memory in use after: 214.6 MB.

Unloading 63 unused Assets to reduce memory usage. Loaded Objects now: 4754.
Total: 13.060200 ms (FindLiveObjects: 0.574100 ms CreateObjectMapping: 0.382300 ms MarkObjects: 11.808700 ms  DeleteObjects: 0.293600 ms)

AssetImportParameters requested are different than current active one (requested -> active):
  custom:framework-win-MediaFoundation: 216162199b28c13a410421893ffa2e32 -> 
  custom:video-decoder-ogg-theora: a1e56fd34408186e4bbccfd4996cb3dc -> 
  custom:container-muxer-webm: aa71ff27fc2769a1b78a27578f13a17b -> 
  custom:container-demuxer-webm: 4f35f7cbe854078d1ac9338744f61a02 -> 
  custom:container-demuxer-ogg: 62fdf1f143b41e24485cea50d1cbac27 -> 
  custom:video-encoder-webm-vp8: eb34c28f22e8b96e1ab97ce403110664 -> 
  custom:video-codec-MediaFoundation-h265: 746d11721c4dcdbdad8f713fa42b33f4 -> 
  custom:video-decoder-webm-vp8: 9c59270c3fd7afecdb556c50c9e8de78 -> 
  custom:audio-decoder-ogg-vorbis: bf7c407c2cedff20999df2af8eb42d56 -> 
  custom:audio-encoder-webm-vorbis: bf7c407c2cedff20999df2af8eb42d56 -> 
========================================================================
Received Import Request.
  path: Assets
  artifactKey: Guid(00000000000000001000000000000000) Importer(815301076,1909f56bfc062723c751e8b465ee728b)
Start importing Assets using Guid(00000000000000001000000000000000) Importer(815301076,1909f56bfc062723c751e8b465ee728b)  -> (artifact id: '42d402b061de3733987d63b9cc3b64de') in 0.023198 seconds 
========================================================================
Received Import Request.
  Time since last request: 5.673100 seconds.
  path: Assets/Cidades/New Material.mat
  artifactKey: Guid(9d3fc7e5d3917f14ba122857b51b679b) Importer(815301076,1909f56bfc062723c751e8b465ee728b)
Start importing Assets/Cidades/New Material.mat using Guid(9d3fc7e5d3917f14ba122857b51b679b) Importer(815301076,1909f56bfc062723c751e8b465ee728b)  -> (artifact id: 'fbef9704ee31288fe96fe5b09faf909a') in 0.305413 seconds 
========================================================================
Received Import Request.
  Time since last request: 7.575423 seconds.
  path: Assets/Cidades/Imports/Lua
  artifactKey: Guid(ffca9b3ebe15f7849856a40b879d9d7d) Importer(815301076,1909f56bfc062723c751e8b465ee728b)
Start importing Assets/Cidades/Imports/Lua using Guid(ffca9b3ebe15f7849856a40b879d9d7d) Importer(815301076,1909f56bfc062723c751e8b465ee728b)  -> (artifact id: 'abb6d342bea6e09655d30b50ec7b451f') in 0.009533 seconds 
========================================================================
Received Import Request.
  Time since last request: 24.172224 seconds.
  path: Assets/5b129de44c25ee014c31ad03590458d8.jpg
  artifactKey: Guid(546abdec5a8f2c74eb7a313911f05061) Importer(815301076,1909f56bfc062723c751e8b465ee728b)
Start importing Assets/5b129de44c25ee014c31ad03590458d8.jpg using Guid(546abdec5a8f2c74eb7a313911f05061) Importer(815301076,1909f56bfc062723c751e8b465ee728b)  -> (artifact id: 'a0382955d9bb936a6719e77fc1b3ab81') in 0.063049 seconds 
========================================================================
Received Import Request.
  Time since last request: 0.000797 seconds.
  path: Assets/ILHA.PNG
  artifactKey: Guid(48d30124b3b87cc4ab256a03a1b3e40e) Importer(815301076,1909f56bfc062723c751e8b465ee728b)
Start importing Assets/ILHA.PNG using Guid(48d30124b3b87cc4ab256a03a1b3e40e) Importer(815301076,1909f56bfc062723c751e8b465ee728b)  -> (artifact id: '6e9523a0ac3db703e4db313dff19fbc3') in 0.023173 seconds 
========================================================================
Received Import Request.
  Time since last request: 0.000401 seconds.
  path: Assets/Skybox.mat
  artifactKey: Guid(fbc272cb218e367419450a27922a03c1) Importer(815301076,1909f56bfc062723c751e8b465ee728b)
Start importing Assets/Skybox.mat using Guid(fbc272cb218e367419450a27922a03c1) Importer(815301076,1909f56bfc062723c751e8b465ee728b)  -> (artifact id: 'f7319ccde038b7cb102897530ea61ba6') in 0.024003 seconds 
========================================================================
Received Import Request.
  Time since last request: 0.000349 seconds.
  path: Assets/Domo.fbx
  artifactKey: Guid(f27cbd235eeaa8c489ca4842da9498dc) Importer(815301076,1909f56bfc062723c751e8b465ee728b)
Start importing Assets/Domo.fbx using Guid(f27cbd235eeaa8c489ca4842da9498dc) Importer(815301076,1909f56bfc062723c751e8b465ee728b)  -> (artifact id: '914832eb06599380007d50c800b91a43') in 0.141093 seconds 
========================================================================
Received Import Request.
  Time since last request: 0.000369 seconds.
  path: Assets/PLANET.mat
  artifactKey: Guid(1e3378e0074de45439add57aa29b913e) Importer(815301076,1909f56bfc062723c751e8b465ee728b)
Start importing Assets/PLANET.mat using Guid(1e3378e0074de45439add57aa29b913e) Importer(815301076,1909f56bfc062723c751e8b465ee728b)  -> (artifact id: '77f426a0789b26cc71a0995d573dd6c8') in 0.026204 seconds 
========================================================================
Received Import Request.
  Time since last request: 0.000258 seconds.
  path: Assets/planeta.fbx
  artifactKey: Guid(1d09502f85cda1b41a5f5dac745e5ae5) Importer(815301076,1909f56bfc062723c751e8b465ee728b)
Start importing Assets/planeta.fbx using Guid(1d09502f85cda1b41a5f5dac745e5ae5) Importer(815301076,1909f56bfc062723c751e8b465ee728b)  -> (artifact id: '99dcdbcd6871479fc8fe42cc5c57a0db') in 0.038485 seconds 
========================================================================
Received Import Request.
  Time since last request: 19.075514 seconds.
  path: Assets/Cidades/Imports/Lua/Moon.unity
  artifactKey: Guid(7c5d72e50cf44f9428ca067994edab56) Importer(815301076,1909f56bfc062723c751e8b465ee728b)
Start importing Assets/Cidades/Imports/Lua/Moon.unity using Guid(7c5d72e50cf44f9428ca067994edab56) Importer(815301076,1909f56bfc062723c751e8b465ee728b)  -> (artifact id: '58a7177fe5ed1429e81c3190595b2f9c') in 0.009586 seconds 
========================================================================
Received Import Request.
  Time since last request: 89.064661 seconds.
  path: Assets/Scenes/Land.unity
  artifactKey: Guid(b3d4126d058fc1a47a4df48502a6a692) Importer(815301076,1909f56bfc062723c751e8b465ee728b)
Start importing Assets/Scenes/Land.unity using Guid(b3d4126d058fc1a47a4df48502a6a692) Importer(815301076,1909f56bfc062723c751e8b465ee728b)  -> (artifact id: '42769ccb7e016067e5f940bafa7b4fcd') in 0.008640 seconds 
========================================================================
Received Prepare
Registering precompiled user dll's ...
Registered in 0.022225 seconds.
Begin MonoManager ReloadAssembly
Symbol file LoadedFromMemory doesn't match image C:\Users\lucas\Documents\GitHub\LookAway\Library\PackageCache\com.unity.collab-proxy@1.15.15\Lib\Editor\PlasticSCM\unityplastic.dll
Native extension for WindowsStandalone target not found
Refreshing native plugins compatible for Editor in 1.62 ms, found 2 plugins.
Preloading 0 native plugins for Editor in 0.00 ms.
Mono: successfully reloaded assembly
- Completed reload, in  3.744 seconds
Domain Reload Profiling:
	ReloadAssembly (3756ms)
		BeginReloadAssembly (603ms)
			ExecutionOrderSort (0ms)
			DisableScriptedObjects (40ms)
			BackupInstance (0ms)
			ReleaseScriptingObjects (0ms)
			CreateAndSetChildDomain (221ms)
		EndReloadAssembly (3052ms)
			LoadAssemblies (371ms)
			RebuildTransferFunctionScriptingTraits (0ms)
			SetupTypeCache (483ms)
			ReleaseScriptCaches (3ms)
			RebuildScriptCaches (1048ms)
			SetupLoadedEditorAssemblies (536ms)
				LogAssemblyErrors (0ms)
				InitializePlatformSupportModulesInManaged (6ms)
				SetLoadedEditorAssemblies (1ms)
				RefreshPlugins (2ms)
				BeforeProcessingInitializeOnLoad (165ms)
				ProcessInitializeOnLoadAttributes (254ms)
				ProcessInitializeOnLoadMethodAttributes (94ms)
				AfterProcessingInitializeOnLoad (14ms)
				EditorAssembliesLoaded (1ms)
			ExecutionOrderSort2 (0ms)
			AwakeInstancesAfterBackupRestoration (20ms)
Platform modules already initialized, skipping
Refreshing native plugins compatible for Editor in 1.40 ms, found 2 plugins.
Preloading 0 native plugins for Editor in 0.00 ms.
Unloading 4103 Unused Serialized files (Serialized files now loaded: 0)
System memory in use before: 200.3 MB.
System memory in use after: 200.4 MB.

Unloading 54 unused Assets to reduce memory usage. Loaded Objects now: 4840.
Total: 27.317200 ms (FindLiveObjects: 3.306200 ms CreateObjectMapping: 0.756200 ms MarkObjects: 20.877400 ms  DeleteObjects: 2.059900 ms)

AssetImportParameters requested are different than current active one (requested -> active):
  custom:framework-win-MediaFoundation: 216162199b28c13a410421893ffa2e32 -> 
  custom:video-decoder-ogg-theora: a1e56fd34408186e4bbccfd4996cb3dc -> 
  custom:container-muxer-webm: aa71ff27fc2769a1b78a27578f13a17b -> 
  custom:container-demuxer-webm: 4f35f7cbe854078d1ac9338744f61a02 -> 
  custom:container-demuxer-ogg: 62fdf1f143b41e24485cea50d1cbac27 -> 
  custom:video-encoder-webm-vp8: eb34c28f22e8b96e1ab97ce403110664 -> 
  custom:video-codec-MediaFoundation-h265: 746d11721c4dcdbdad8f713fa42b33f4 -> 
  custom:video-decoder-webm-vp8: 9c59270c3fd7afecdb556c50c9e8de78 -> 
  custom:audio-decoder-ogg-vorbis: bf7c407c2cedff20999df2af8eb42d56 -> 
  custom:audio-encoder-webm-vorbis: bf7c407c2cedff20999df2af8eb42d56 -> 
========================================================================
Received Import Request.
  Time since last request: 102.345193 seconds.
  path: Assets/unity-chan!/Canvas.prefab
  artifactKey: Guid(4de3e15204389de4bb46036ce1e1b7db) Importer(815301076,1909f56bfc062723c751e8b465ee728b)
Start importing Assets/unity-chan!/Canvas.prefab using Guid(4de3e15204389de4bb46036ce1e1b7db) Importer(815301076,1909f56bfc062723c751e8b465ee728b)  -> (artifact id: '14f21acac369f474575efa1b6c63145c') in 0.157511 seconds 
========================================================================
Received Import Request.
  Time since last request: 17.257591 seconds.
  path: Assets/Cidades/Imports/Lua/Moon.unity
  artifactKey: Guid(7c5d72e50cf44f9428ca067994edab56) Importer(815301076,1909f56bfc062723c751e8b465ee728b)
Start importing Assets/Cidades/Imports/Lua/Moon.unity using Guid(7c5d72e50cf44f9428ca067994edab56) Importer(815301076,1909f56bfc062723c751e8b465ee728b)  -> (artifact id: 'ac165e810a4b1d140a0b89f3f3d6b7fa') in 0.004467 seconds 
========================================================================
Received Prepare
Registering precompiled user dll's ...
Registered in 0.015390 seconds.
Begin MonoManager ReloadAssembly
Symbol file LoadedFromMemory doesn't match image C:\Users\lucas\Documents\GitHub\LookAway\Library\PackageCache\com.unity.collab-proxy@1.15.15\Lib\Editor\PlasticSCM\unityplastic.dll
Native extension for WindowsStandalone target not found
Refreshing native plugins compatible for Editor in 1.42 ms, found 2 plugins.
Preloading 0 native plugins for Editor in 0.00 ms.
Mono: successfully reloaded assembly
- Completed reload, in  2.655 seconds
Domain Reload Profiling:
	ReloadAssembly (2660ms)
		BeginReloadAssembly (1233ms)
			ExecutionOrderSort (0ms)
			DisableScriptedObjects (30ms)
			BackupInstance (0ms)
			ReleaseScriptingObjects (0ms)
			CreateAndSetChildDomain (232ms)
		EndReloadAssembly (1339ms)
			LoadAssemblies (1024ms)
			RebuildTransferFunctionScriptingTraits (0ms)
			SetupTypeCache (398ms)
			ReleaseScriptCaches (2ms)
			RebuildScriptCaches (49ms)
			SetupLoadedEditorAssemblies (461ms)
				LogAssemblyErrors (0ms)
				InitializePlatformSupportModulesInManaged (6ms)
				SetLoadedEditorAssemblies (1ms)
				RefreshPlugins (2ms)
				BeforeProcessingInitializeOnLoad (142ms)
				ProcessInitializeOnLoadAttributes (232ms)
				ProcessInitializeOnLoadMethodAttributes (69ms)
				AfterProcessingInitializeOnLoad (9ms)
				EditorAssembliesLoaded (0ms)
			ExecutionOrderSort2 (0ms)
			AwakeInstancesAfterBackupRestoration (16ms)
Platform modules already initialized, skipping
Refreshing native plugins compatible for Editor in 1.23 ms, found 2 plugins.
Preloading 0 native plugins for Editor in 0.00 ms.
Unloading 4103 Unused Serialized files (Serialized files now loaded: 0)
System memory in use before: 200.4 MB.
System memory in use after: 200.6 MB.

Unloading 57 unused Assets to reduce memory usage. Loaded Objects now: 4845.
Total: 7.946300 ms (FindLiveObjects: 0.332300 ms CreateObjectMapping: 0.242000 ms MarkObjects: 6.847200 ms  DeleteObjects: 0.523900 ms)

AssetImportParameters requested are different than current active one (requested -> active):
  custom:framework-win-MediaFoundation: 216162199b28c13a410421893ffa2e32 -> 
  custom:video-decoder-ogg-theora: a1e56fd34408186e4bbccfd4996cb3dc -> 
  custom:container-muxer-webm: aa71ff27fc2769a1b78a27578f13a17b -> 
  custom:container-demuxer-webm: 4f35f7cbe854078d1ac9338744f61a02 -> 
  custom:container-demuxer-ogg: 62fdf1f143b41e24485cea50d1cbac27 -> 
  custom:video-encoder-webm-vp8: eb34c28f22e8b96e1ab97ce403110664 -> 
  custom:video-codec-MediaFoundation-h265: 746d11721c4dcdbdad8f713fa42b33f4 -> 
  custom:video-decoder-webm-vp8: 9c59270c3fd7afecdb556c50c9e8de78 -> 
  custom:audio-decoder-ogg-vorbis: bf7c407c2cedff20999df2af8eb42d56 -> 
  custom:audio-encoder-webm-vorbis: bf7c407c2cedff20999df2af8eb42d56 -> 
========================================================================
Received Import Request.
  Time since last request: 440.461771 seconds.
  path: Assets/Scenes/Land.unity
  artifactKey: Guid(b3d4126d058fc1a47a4df48502a6a692) Importer(815301076,1909f56bfc062723c751e8b465ee728b)
Start importing Assets/Scenes/Land.unity using Guid(b3d4126d058fc1a47a4df48502a6a692) Importer(815301076,1909f56bfc062723c751e8b465ee728b)  -> (artifact id: '470031fd2dcdf863a93a74cd0816928f') in 0.009311 seconds 
========================================================================
Received Prepare
Registering precompiled user dll's ...
Registered in 0.023957 seconds.
Begin MonoManager ReloadAssembly
Symbol file LoadedFromMemory doesn't match image C:\Users\lucas\Documents\GitHub\LookAway\Library\PackageCache\com.unity.collab-proxy@1.15.15\Lib\Editor\PlasticSCM\unityplastic.dll
Native extension for WindowsStandalone target not found
Refreshing native plugins compatible for Editor in 1.87 ms, found 2 plugins.
Preloading 0 native plugins for Editor in 0.00 ms.
Mono: successfully reloaded assembly
- Completed reload, in  1.676 seconds
Domain Reload Profiling:
	ReloadAssembly (1679ms)
		BeginReloadAssembly (262ms)
			ExecutionOrderSort (0ms)
			DisableScriptedObjects (9ms)
			BackupInstance (0ms)
			ReleaseScriptingObjects (1ms)
			CreateAndSetChildDomain (70ms)
		EndReloadAssembly (1303ms)
			LoadAssemblies (275ms)
			RebuildTransferFunctionScriptingTraits (1ms)
			SetupTypeCache (422ms)
			ReleaseScriptCaches (6ms)
			RebuildScriptCaches (50ms)
			SetupLoadedEditorAssemblies (461ms)
				LogAssemblyErrors (0ms)
				InitializePlatformSupportModulesInManaged (5ms)
				SetLoadedEditorAssemblies (1ms)
				RefreshPlugins (2ms)
				BeforeProcessingInitializeOnLoad (121ms)
				ProcessInitializeOnLoadAttributes (254ms)
				ProcessInitializeOnLoadMethodAttributes (66ms)
				AfterProcessingInitializeOnLoad (10ms)
				EditorAssembliesLoaded (2ms)
			ExecutionOrderSort2 (0ms)
			AwakeInstancesAfterBackupRestoration (14ms)
Platform modules already initialized, skipping
Refreshing native plugins compatible for Editor in 1.37 ms, found 2 plugins.
Preloading 0 native plugins for Editor in 0.00 ms.
Unloading 4103 Unused Serialized files (Serialized files now loaded: 0)
System memory in use before: 200.4 MB.
System memory in use after: 200.6 MB.

Unloading 54 unused Assets to reduce memory usage. Loaded Objects now: 4848.
Total: 12.955100 ms (FindLiveObjects: 0.422800 ms CreateObjectMapping: 0.339800 ms MarkObjects: 11.649600 ms  DeleteObjects: 0.541300 ms)

AssetImportParameters requested are different than current active one (requested -> active):
  custom:framework-win-MediaFoundation: 216162199b28c13a410421893ffa2e32 -> 
  custom:video-decoder-ogg-theora: a1e56fd34408186e4bbccfd4996cb3dc -> 
  custom:container-muxer-webm: aa71ff27fc2769a1b78a27578f13a17b -> 
  custom:container-demuxer-webm: 4f35f7cbe854078d1ac9338744f61a02 -> 
  custom:container-demuxer-ogg: 62fdf1f143b41e24485cea50d1cbac27 -> 
  custom:video-encoder-webm-vp8: eb34c28f22e8b96e1ab97ce403110664 -> 
  custom:video-codec-MediaFoundation-h265: 746d11721c4dcdbdad8f713fa42b33f4 -> 
  custom:video-decoder-webm-vp8: 9c59270c3fd7afecdb556c50c9e8de78 -> 
  custom:audio-decoder-ogg-vorbis: bf7c407c2cedff20999df2af8eb42d56 -> 
  custom:audio-encoder-webm-vorbis: bf7c407c2cedff20999df2af8eb42d56 -> 
========================================================================
Received Import Request.
  Time since last request: 91.108653 seconds.
  path: Assets/Cidades/Imports/Lua/Moon.unity
  artifactKey: Guid(7c5d72e50cf44f9428ca067994edab56) Importer(815301076,1909f56bfc062723c751e8b465ee728b)
Start importing Assets/Cidades/Imports/Lua/Moon.unity using Guid(7c5d72e50cf44f9428ca067994edab56) Importer(815301076,1909f56bfc062723c751e8b465ee728b)  -> (artifact id: 'd15ddcf44170e39fc4d6285200c8ea4c') in 0.018488 seconds 
========================================================================
Received Prepare
Registering precompiled user dll's ...
Registered in 0.009813 seconds.
Begin MonoManager ReloadAssembly
Symbol file LoadedFromMemory doesn't match image C:\Users\lucas\Documents\GitHub\LookAway\Library\PackageCache\com.unity.collab-proxy@1.15.15\Lib\Editor\PlasticSCM\unityplastic.dll
Native extension for WindowsStandalone target not found
Refreshing native plugins compatible for Editor in 1.33 ms, found 2 plugins.
Preloading 0 native plugins for Editor in 0.00 ms.
Mono: successfully reloaded assembly
- Completed reload, in  2.408 seconds
Domain Reload Profiling:
	ReloadAssembly (2411ms)
		BeginReloadAssembly (503ms)
			ExecutionOrderSort (0ms)
			DisableScriptedObjects (39ms)
			BackupInstance (0ms)
			ReleaseScriptingObjects (1ms)
			CreateAndSetChildDomain (182ms)
		EndReloadAssembly (1828ms)
			LoadAssemblies (844ms)
			RebuildTransferFunctionScriptingTraits (0ms)
			SetupTypeCache (377ms)
			ReleaseScriptCaches (3ms)
			RebuildScriptCaches (52ms)
			SetupLoadedEditorAssemblies (426ms)
				LogAssemblyErrors (0ms)
				InitializePlatformSupportModulesInManaged (8ms)
				SetLoadedEditorAssemblies (1ms)
				RefreshPlugins (1ms)
				BeforeProcessingInitializeOnLoad (121ms)
				ProcessInitializeOnLoadAttributes (216ms)
				ProcessInitializeOnLoadMethodAttributes (68ms)
				AfterProcessingInitializeOnLoad (10ms)
				EditorAssembliesLoaded (0ms)
			ExecutionOrderSort2 (0ms)
			AwakeInstancesAfterBackupRestoration (16ms)
Platform modules already initialized, skipping
Refreshing native plugins compatible for Editor in 1.73 ms, found 2 plugins.
Preloading 0 native plugins for Editor in 0.00 ms.
Unloading 4103 Unused Serialized files (Serialized files now loaded: 0)
System memory in use before: 200.5 MB.
System memory in use after: 200.6 MB.

Unloading 54 unused Assets to reduce memory usage. Loaded Objects now: 4851.
Total: 14.192700 ms (FindLiveObjects: 2.033000 ms CreateObjectMapping: 0.388600 ms MarkObjects: 10.932800 ms  DeleteObjects: 0.834600 ms)

AssetImportParameters requested are different than current active one (requested -> active):
  custom:framework-win-MediaFoundation: 216162199b28c13a410421893ffa2e32 -> 
  custom:video-decoder-ogg-theora: a1e56fd34408186e4bbccfd4996cb3dc -> 
  custom:container-muxer-webm: aa71ff27fc2769a1b78a27578f13a17b -> 
  custom:container-demuxer-webm: 4f35f7cbe854078d1ac9338744f61a02 -> 
  custom:container-demuxer-ogg: 62fdf1f143b41e24485cea50d1cbac27 -> 
  custom:video-encoder-webm-vp8: eb34c28f22e8b96e1ab97ce403110664 -> 
  custom:video-codec-MediaFoundation-h265: 746d11721c4dcdbdad8f713fa42b33f4 -> 
  custom:video-decoder-webm-vp8: 9c59270c3fd7afecdb556c50c9e8de78 -> 
  custom:audio-decoder-ogg-vorbis: bf7c407c2cedff20999df2af8eb42d56 -> 
  custom:audio-encoder-webm-vorbis: bf7c407c2cedff20999df2af8eb42d56 -> 
========================================================================
Received Prepare
Registering precompiled user dll's ...
Registered in 0.027958 seconds.
Begin MonoManager ReloadAssembly
Symbol file LoadedFromMemory doesn't match image C:\Users\lucas\Documents\GitHub\LookAway\Library\PackageCache\com.unity.collab-proxy@1.15.15\Lib\Editor\PlasticSCM\unityplastic.dll
Native extension for WindowsStandalone target not found
Refreshing native plugins compatible for Editor in 1.79 ms, found 2 plugins.
Preloading 0 native plugins for Editor in 0.00 ms.
Mono: successfully reloaded assembly
- Completed reload, in  2.886 seconds
Domain Reload Profiling:
	ReloadAssembly (2897ms)
		BeginReloadAssembly (992ms)
			ExecutionOrderSort (0ms)
			DisableScriptedObjects (65ms)
			BackupInstance (0ms)
			ReleaseScriptingObjects (1ms)
			CreateAndSetChildDomain (453ms)
		EndReloadAssembly (1763ms)
			LoadAssemblies (419ms)
			RebuildTransferFunctionScriptingTraits (2ms)
			SetupTypeCache (610ms)
			ReleaseScriptCaches (2ms)
			RebuildScriptCaches (57ms)
			SetupLoadedEditorAssemblies (647ms)
				LogAssemblyErrors (0ms)
				InitializePlatformSupportModulesInManaged (8ms)
				SetLoadedEditorAssemblies (3ms)
				RefreshPlugins (2ms)
				BeforeProcessingInitializeOnLoad (148ms)
				ProcessInitializeOnLoadAttributes (377ms)
				ProcessInitializeOnLoadMethodAttributes (97ms)
				AfterProcessingInitializeOnLoad (10ms)
				EditorAssembliesLoaded (1ms)
			ExecutionOrderSort2 (0ms)
			AwakeInstancesAfterBackupRestoration (17ms)
Platform modules already initialized, skipping
Refreshing native plugins compatible for Editor in 6.79 ms, found 2 plugins.
Preloading 0 native plugins for Editor in 0.00 ms.
Unloading 4103 Unused Serialized files (Serialized files now loaded: 0)
System memory in use before: 200.5 MB.
System memory in use after: 200.7 MB.

Unloading 54 unused Assets to reduce memory usage. Loaded Objects now: 4854.
Total: 97.554100 ms (FindLiveObjects: 5.076500 ms CreateObjectMapping: 1.857300 ms MarkObjects: 56.619000 ms  DeleteObjects: 33.743300 ms)

AssetImportParameters requested are different than current active one (requested -> active):
  custom:framework-win-MediaFoundation: 216162199b28c13a410421893ffa2e32 -> 
  custom:video-decoder-ogg-theora: a1e56fd34408186e4bbccfd4996cb3dc -> 
  custom:container-muxer-webm: aa71ff27fc2769a1b78a27578f13a17b -> 
  custom:container-demuxer-webm: 4f35f7cbe854078d1ac9338744f61a02 -> 
  custom:container-demuxer-ogg: 62fdf1f143b41e24485cea50d1cbac27 -> 
  custom:video-encoder-webm-vp8: eb34c28f22e8b96e1ab97ce403110664 -> 
  custom:video-codec-MediaFoundation-h265: 746d11721c4dcdbdad8f713fa42b33f4 -> 
  custom:video-decoder-webm-vp8: 9c59270c3fd7afecdb556c50c9e8de78 -> 
  custom:audio-decoder-ogg-vorbis: bf7c407c2cedff20999df2af8eb42d56 -> 
  custom:audio-encoder-webm-vorbis: bf7c407c2cedff20999df2af8eb42d56 -> 
========================================================================
Received Import Request.
  Time since last request: 425.044211 seconds.
  path: Assets/RPG Character Animation Pack FREE/SuperCharacterController/Materials/ReflectiveOrange.mat
  artifactKey: Guid(fe50042dadfcbe14b89863b4d8ad9028) Importer(815301076,1909f56bfc062723c751e8b465ee728b)
Start importing Assets/RPG Character Animation Pack FREE/SuperCharacterController/Materials/ReflectiveOrange.mat using Guid(fe50042dadfcbe14b89863b4d8ad9028) Importer(815301076,1909f56bfc062723c751e8b465ee728b)  -> (artifact id: '7e100d4f919a6d7dbfe686558f606bb9') in 1.408692 seconds 
========================================================================
Received Import Request.
  Time since last request: 0.000608 seconds.
  path: Assets/48 Particle Effect Pack/Texture/SnowCrystal.mat
  artifactKey: Guid(412c1c87c8bf88d41be9917ecf91390d) Importer(815301076,1909f56bfc062723c751e8b465ee728b)
Start importing Assets/48 Particle Effect Pack/Texture/SnowCrystal.mat using Guid(412c1c87c8bf88d41be9917ecf91390d) Importer(815301076,1909f56bfc062723c751e8b465ee728b)  -> (artifact id: '802602fd47bb2df282caf9a49d1ec31c') in 0.044917 seconds 
========================================================================
Received Import Request.
  Time since last request: 0.000296 seconds.
  path: Assets/48 Particle Effect Pack/Texture/Ring3.mat
  artifactKey: Guid(1d614f3d551c4444484365870e44b67d) Importer(815301076,1909f56bfc062723c751e8b465ee728b)
Start importing Assets/48 Particle Effect Pack/Texture/Ring3.mat using Guid(1d614f3d551c4444484365870e44b67d) Importer(815301076,1909f56bfc062723c751e8b465ee728b)  -> (artifact id: 'c457240563ec73c8c93c414d098d1b9b') in 0.062782 seconds 
========================================================================
Received Import Request.
  Time since last request: 0.000229 seconds.
  path: Assets/48 Particle Effect Pack/Texture/SnowCrystal3.mat
  artifactKey: Guid(2ddb0a58e3b129649b0e330a964e50a8) Importer(815301076,1909f56bfc062723c751e8b465ee728b)
Start importing Assets/48 Particle Effect Pack/Texture/SnowCrystal3.mat using Guid(2ddb0a58e3b129649b0e330a964e50a8) Importer(815301076,1909f56bfc062723c751e8b465ee728b)  -> (artifact id: '26268e9d384d3480ebfa2913d2af8b68') in 0.035863 seconds 
========================================================================
Received Import Request.
  Time since last request: 0.000269 seconds.
  path: Assets/RPG Character Animation Pack FREE/Elements/Materials/Stage/Stage.mat
  artifactKey: Guid(fd3619eef46537347a3946889f3de92f) Importer(815301076,1909f56bfc062723c751e8b465ee728b)
Start importing Assets/RPG Character Animation Pack FREE/Elements/Materials/Stage/Stage.mat using Guid(fd3619eef46537347a3946889f3de92f) Importer(815301076,1909f56bfc062723c751e8b465ee728b)  -> (artifact id: '8268406f4a9cc49894751d40b3ea943c') in 0.053162 seconds 
========================================================================
Received Import Request.
  Time since last request: 0.000255 seconds.
  path: Assets/LowPoly Environment Pack/FBX/Materials/Yellow.4.mat
  artifactKey: Guid(779672b87a6027e4fb52bd5c47f2c110) Importer(815301076,1909f56bfc062723c751e8b465ee728b)
Start importing Assets/LowPoly Environment Pack/FBX/Materials/Yellow.4.mat using Guid(779672b87a6027e4fb52bd5c47f2c110) Importer(815301076,1909f56bfc062723c751e8b465ee728b)  -> (artifact id: '3f961f2bc0fa464585c5f0c700d5c89d') in 0.025878 seconds 
========================================================================
Received Import Request.
  Time since last request: 0.000347 seconds.
  path: Assets/48 Particle Effect Pack/Texture/Ring8.mat
  artifactKey: Guid(8280e9d847cf7154aa2a72ce1c89d59d) Importer(815301076,1909f56bfc062723c751e8b465ee728b)
Start importing Assets/48 Particle Effect Pack/Texture/Ring8.mat using Guid(8280e9d847cf7154aa2a72ce1c89d59d) Importer(815301076,1909f56bfc062723c751e8b465ee728b)  -> (artifact id: 'c95365c41472be3ef009ffa6c50fea53') in 0.047059 seconds 
========================================================================
Received Import Request.
  Time since last request: 0.000352 seconds.
  path: Assets/AlmGp_Lava/Lava_Stone_Material/Materials/sand_diff.mat
  artifactKey: Guid(58e0ccede52b994449b438350b262b3e) Importer(815301076,1909f56bfc062723c751e8b465ee728b)
Start importing Assets/AlmGp_Lava/Lava_Stone_Material/Materials/sand_diff.mat using Guid(58e0ccede52b994449b438350b262b3e) Importer(815301076,1909f56bfc062723c751e8b465ee728b)  -> (artifact id: 'fa024d45344d03d7b83a56e599eebd2f') in 0.622570 seconds 
========================================================================
Received Import Request.
  Time since last request: 0.000254 seconds.
  path: Assets/48 Particle Effect Pack/Texture/Ring7.mat
  artifactKey: Guid(726165da5ee6f0c42873838ea5757cdb) Importer(815301076,1909f56bfc062723c751e8b465ee728b)
Start importing Assets/48 Particle Effect Pack/Texture/Ring7.mat using Guid(726165da5ee6f0c42873838ea5757cdb) Importer(815301076,1909f56bfc062723c751e8b465ee728b)  -> (artifact id: '2492f3cdfc2bdb5b92ef460882d329bb') in 0.035871 seconds 
========================================================================
Received Import Request.
  Time since last request: 0.000233 seconds.
  path: Assets/RPG Character Animation Pack FREE/Materials/RPG-Character.mat
  artifactKey: Guid(ad8c2bee857aaca4dbcf348b7e988a44) Importer(815301076,1909f56bfc062723c751e8b465ee728b)
Start importing Assets/RPG Character Animation Pack FREE/Materials/RPG-Character.mat using Guid(ad8c2bee857aaca4dbcf348b7e988a44) Importer(815301076,1909f56bfc062723c751e8b465ee728b)  -> (artifact id: '4f8cc6dc793dfd201ab6fc9176dc31ce') in 0.038071 seconds 
========================================================================
Received Import Request.
  Time since last request: 0.000242 seconds.
  path: Assets/48 Particle Effect Pack/Texture/Spark3.mat
  artifactKey: Guid(84601cf1c4fd6ef48958ec9fcac69cf4) Importer(815301076,1909f56bfc062723c751e8b465ee728b)
Start importing Assets/48 Particle Effect Pack/Texture/Spark3.mat using Guid(84601cf1c4fd6ef48958ec9fcac69cf4) Importer(815301076,1909f56bfc062723c751e8b465ee728b)  -> (artifact id: 'fb9a8b8b4455d4bc93874a526693696d') in 0.033113 seconds 
========================================================================
Received Import Request.
  Time since last request: 0.000221 seconds.
  path: Assets/48 Particle Effect Pack/Texture/Smoke3.mat
  artifactKey: Guid(be7533a6f81a2e14d9ab9d57915552ca) Importer(815301076,1909f56bfc062723c751e8b465ee728b)
Start importing Assets/48 Particle Effect Pack/Texture/Smoke3.mat using Guid(be7533a6f81a2e14d9ab9d57915552ca) Importer(815301076,1909f56bfc062723c751e8b465ee728b)  -> (artifact id: 'ff8236f8b1309e6bb956b70d39edd391') in 0.040295 seconds 
========================================================================
Received Import Request.
  Time since last request: 0.000244 seconds.
  path: Assets/48 Particle Effect Pack/Texture/Ring6.mat
  artifactKey: Guid(ac54cfdbacf954346904cd054091cb49) Importer(815301076,1909f56bfc062723c751e8b465ee728b)
Start importing Assets/48 Particle Effect Pack/Texture/Ring6.mat using Guid(ac54cfdbacf954346904cd054091cb49) Importer(815301076,1909f56bfc062723c751e8b465ee728b)  -> (artifact id: '6bdcacabad2a88da0fbb3e20cce76b36') in 0.035317 seconds 
========================================================================
Received Import Request.
  Time since last request: 0.000271 seconds.
  path: Assets/unity-chan!/Unity-chan! Model/Art/Materials/Right.mat
  artifactKey: Guid(88157e674d7d0314db76940c73b69405) Importer(815301076,1909f56bfc062723c751e8b465ee728b)
Start importing Assets/unity-chan!/Unity-chan! Model/Art/Materials/Right.mat using Guid(88157e674d7d0314db76940c73b69405) Importer(815301076,1909f56bfc062723c751e8b465ee728b)  -> (artifact id: '85a5f46df3f7554e8c96cdb3f93bd069') in 0.042046 seconds 
========================================================================
Received Import Request.
  Time since last request: 0.000223 seconds.
  path: Assets/AlmGp_Lava/Lava_Stone_Material/Materials/Rock_vulcan_self_lava.mat
  artifactKey: Guid(62e8a629d5c85344e9bd782a6dcb4210) Importer(815301076,1909f56bfc062723c751e8b465ee728b)
Start importing Assets/AlmGp_Lava/Lava_Stone_Material/Materials/Rock_vulcan_self_lava.mat using Guid(62e8a629d5c85344e9bd782a6dcb4210) Importer(815301076,1909f56bfc062723c751e8b465ee728b)  -> (artifact id: '5cd3e80e6b096c920170aebd2668c169') in 0.079006 seconds 
========================================================================
Received Import Request.
  Time since last request: 0.000216 seconds.
  path: Assets/AlmGp_Lava/Lava_Stone_Material/Materials/Rock_1_diff.mat
  artifactKey: Guid(8c6aac2d7a8d81c4fa61ba679813a5cb) Importer(815301076,1909f56bfc062723c751e8b465ee728b)
Start importing Assets/AlmGp_Lava/Lava_Stone_Material/Materials/Rock_1_diff.mat using Guid(8c6aac2d7a8d81c4fa61ba679813a5cb) Importer(815301076,1909f56bfc062723c751e8b465ee728b)  -> (artifact id: '1f1ada4b0e1d7d3ebb99fc638db9fc8a') in 0.042754 seconds 
========================================================================
Received Import Request.
  Time since last request: 0.000330 seconds.
  path: Assets/AlmGp_Lava/Lava_Stone_Material/Materials/Rock_vulcan_diff_lava.mat
  artifactKey: Guid(2912dd4aeb74d0344a0bad6cfc351d35) Importer(815301076,1909f56bfc062723c751e8b465ee728b)
Start importing Assets/AlmGp_Lava/Lava_Stone_Material/Materials/Rock_vulcan_diff_lava.mat using Guid(2912dd4aeb74d0344a0bad6cfc351d35) Importer(815301076,1909f56bfc062723c751e8b465ee728b)  -> (artifact id: 'fa975f02ffec34a17b5829a95aba9bb2') in 0.064047 seconds 
========================================================================
Received Import Request.
  Time since last request: 0.000504 seconds.
  path: Assets/AlmGp_Lava/Lava_Stone_Material/Materials/Rock_vulcan_diff_two.mat
  artifactKey: Guid(036a81ec5eb32c145b03e43a1d2b839a) Importer(815301076,1909f56bfc062723c751e8b465ee728b)
Start importing Assets/AlmGp_Lava/Lava_Stone_Material/Materials/Rock_vulcan_diff_two.mat using Guid(036a81ec5eb32c145b03e43a1d2b839a) Importer(815301076,1909f56bfc062723c751e8b465ee728b)  -> (artifact id: '1e9a9f0efaa0ba9b01291e779db40032') in 0.054169 seconds 
========================================================================
Received Import Request.
  Time since last request: 0.000322 seconds.
  path: Assets/RPG Character Animation Pack FREE/SuperCharacterController/Materials/Shiny.mat
  artifactKey: Guid(0ed2a735a8e55a04fb0d00a4317a2440) Importer(815301076,1909f56bfc062723c751e8b465ee728b)
Start importing Assets/RPG Character Animation Pack FREE/SuperCharacterController/Materials/Shiny.mat using Guid(0ed2a735a8e55a04fb0d00a4317a2440) Importer(815301076,1909f56bfc062723c751e8b465ee728b)  -> (artifact id: 'd2e368a70e25cb66b4c39ba47e7e2c0f') in 0.023603 seconds 
========================================================================
Received Import Request.
  Time since last request: 0.000250 seconds.
  path: Assets/48 Particle Effect Pack/Texture/Spark6.mat
  artifactKey: Guid(25217b424bdbdfc429bd7b6b41d3a76b) Importer(815301076,1909f56bfc062723c751e8b465ee728b)
Start importing Assets/48 Particle Effect Pack/Texture/Spark6.mat using Guid(25217b424bdbdfc429bd7b6b41d3a76b) Importer(815301076,1909f56bfc062723c751e8b465ee728b)  -> (artifact id: '71165417eb7e5320838210f76713e055') in 0.035749 seconds 
========================================================================
Received Import Request.
  Time since last request: 0.000242 seconds.
  path: Assets/3D Chest Object/FBX/Materials/treasure_chest.mat
  artifactKey: Guid(9d8e0be124aa11145898bfca520d7eb5) Importer(815301076,1909f56bfc062723c751e8b465ee728b)
Start importing Assets/3D Chest Object/FBX/Materials/treasure_chest.mat using Guid(9d8e0be124aa11145898bfca520d7eb5) Importer(815301076,1909f56bfc062723c751e8b465ee728b)  -> (artifact id: '57d39b0e03b830d72c8ad2b68159d96e') in 0.044130 seconds 
========================================================================
Received Import Request.
  Time since last request: 0.000291 seconds.
  path: Assets/Scenes/Shirines/Shrine_GabrielLeite/SrineTex04.mat
  artifactKey: Guid(dcd11334cb444c94a8023a7098d1696b) Importer(815301076,1909f56bfc062723c751e8b465ee728b)
Start importing Assets/Scenes/Shirines/Shrine_GabrielLeite/SrineTex04.mat using Guid(dcd11334cb444c94a8023a7098d1696b) Importer(815301076,1909f56bfc062723c751e8b465ee728b)  -> (artifact id: 'cc1b263ce7d7ef97b5df4f46552ca0af') in 0.420330 seconds 
========================================================================
Received Import Request.
  Time since last request: 0.000230 seconds.
  path: Assets/Textures/SrineTex01.mat
  artifactKey: Guid(3a355d85519e32140bbb0a1cb3641480) Importer(815301076,1909f56bfc062723c751e8b465ee728b)
Start importing Assets/Textures/SrineTex01.mat using Guid(3a355d85519e32140bbb0a1cb3641480) Importer(815301076,1909f56bfc062723c751e8b465ee728b)  -> (artifact id: '08eafe92299f2bf31851bcc10804dbce') in 0.050772 seconds 
========================================================================
Received Import Request.
  Time since last request: 0.000241 seconds.
  path: Assets/48 Particle Effect Pack/Texture/Star.mat
  artifactKey: Guid(7a1843ab6f181834680d44fc823df284) Importer(815301076,1909f56bfc062723c751e8b465ee728b)
Start importing Assets/48 Particle Effect Pack/Texture/Star.mat using Guid(7a1843ab6f181834680d44fc823df284) Importer(815301076,1909f56bfc062723c751e8b465ee728b)  -> (artifact id: 'ed8b8c52bc0ef878ce187a5a08e67b48') in 0.030978 seconds 
========================================================================
Received Import Request.
  Time since last request: 0.000255 seconds.
  path: Assets/48 Particle Effect Pack/Texture/Star2.mat
  artifactKey: Guid(da154f58167fcb24da4b73db87dc7bb4) Importer(815301076,1909f56bfc062723c751e8b465ee728b)
Start importing Assets/48 Particle Effect Pack/Texture/Star2.mat using Guid(da154f58167fcb24da4b73db87dc7bb4) Importer(815301076,1909f56bfc062723c751e8b465ee728b)  -> (artifact id: '72a91ab65e8d7c4418a5cf54d611094e') in 0.032815 seconds 
========================================================================
Received Import Request.
  Time since last request: 0.000234 seconds.
  path: Assets/AlmGp_Lava/Lava_Stone_Material/Materials/Rock_vulcan_diff.mat
  artifactKey: Guid(511af245337fb6d4ca73ae73a436c5e5) Importer(815301076,1909f56bfc062723c751e8b465ee728b)
Start importing Assets/AlmGp_Lava/Lava_Stone_Material/Materials/Rock_vulcan_diff.mat using Guid(511af245337fb6d4ca73ae73a436c5e5) Importer(815301076,1909f56bfc062723c751e8b465ee728b)  -> (artifact id: '62e07305149a3967645a9177c42b8210') in 0.301079 seconds 
========================================================================
Received Import Request.
  Time since last request: 0.000396 seconds.
  path: Assets/48 Particle Effect Pack/Texture/Star3.mat
  artifactKey: Guid(6e605333055fdbe4b94a3506efcb132e) Importer(815301076,1909f56bfc062723c751e8b465ee728b)
Start importing Assets/48 Particle Effect Pack/Texture/Star3.mat using Guid(6e605333055fdbe4b94a3506efcb132e) Importer(815301076,1909f56bfc062723c751e8b465ee728b)  -> (artifact id: '522066e07dc8834bae5fd7cea1569c00') in 0.047613 seconds 
========================================================================
Received Import Request.
  Time since last request: 0.000366 seconds.
  path: Assets/RPG Character Animation Pack FREE/Elements/Target.mat
  artifactKey: Guid(bfd7757b7f9a8a74796f9d7ab8e8ee8f) Importer(815301076,1909f56bfc062723c751e8b465ee728b)
Start importing Assets/RPG Character Animation Pack FREE/Elements/Target.mat using Guid(bfd7757b7f9a8a74796f9d7ab8e8ee8f) Importer(815301076,1909f56bfc062723c751e8b465ee728b)  -> (artifact id: 'f452430187afcdc71070e9082a099482') in 0.030461 seconds 
========================================================================
Received Import Request.
  Time since last request: 0.000323 seconds.
  path: Assets/48 Particle Effect Pack/Texture/SnowCrystal4.mat
  artifactKey: Guid(0988637850bb9194e99c94ec05c10305) Importer(815301076,1909f56bfc062723c751e8b465ee728b)
Start importing Assets/48 Particle Effect Pack/Texture/SnowCrystal4.mat using Guid(0988637850bb9194e99c94ec05c10305) Importer(815301076,1909f56bfc062723c751e8b465ee728b)  -> (artifact id: 'ab954a0d48e6d3cab382d21b49b4d049') in 0.028049 seconds 
========================================================================
Received Import Request.
  Time since last request: 0.000316 seconds.
  path: Assets/48 Particle Effect Pack/Texture/Smoke7.mat
  artifactKey: Guid(191574f46320e4c4899893a4a0a7e359) Importer(815301076,1909f56bfc062723c751e8b465ee728b)
Start importing Assets/48 Particle Effect Pack/Texture/Smoke7.mat using Guid(191574f46320e4c4899893a4a0a7e359) Importer(815301076,1909f56bfc062723c751e8b465ee728b)  -> (artifact id: 'e0c6027374e25ea45c482ab972336229') in 0.034559 seconds 
========================================================================
Received Import Request.
  Time since last request: 0.000355 seconds.
  path: Assets/LowPoly Environment Pack/FBX/Materials/Yellow.3.mat
  artifactKey: Guid(62c01cd363116e4418505d6d72764b0d) Importer(815301076,1909f56bfc062723c751e8b465ee728b)
Start importing Assets/LowPoly Environment Pack/FBX/Materials/Yellow.3.mat using Guid(62c01cd363116e4418505d6d72764b0d) Importer(815301076,1909f56bfc062723c751e8b465ee728b)  -> (artifact id: '85881b1350b4a51ebf68a3706eac8712') in 0.021444 seconds 
========================================================================
Received Import Request.
  Time since last request: 0.000350 seconds.
  path: Assets/48 Particle Effect Pack/Texture/Smoke2.mat
  artifactKey: Guid(e7fe729e9ec95e2439d2c646b543f08d) Importer(815301076,1909f56bfc062723c751e8b465ee728b)
Start importing Assets/48 Particle Effect Pack/Texture/Smoke2.mat using Guid(e7fe729e9ec95e2439d2c646b543f08d) Importer(815301076,1909f56bfc062723c751e8b465ee728b)  -> (artifact id: 'cd25e34650217a0e36711eb6a24d154e') in 0.032894 seconds 
========================================================================
Received Import Request.
  Time since last request: 0.000280 seconds.
  path: Assets/48 Particle Effect Pack/Texture/Spark2.mat
  artifactKey: Guid(a1ebb5132f727d043b53629a18b54fb3) Importer(815301076,1909f56bfc062723c751e8b465ee728b)
Start importing Assets/48 Particle Effect Pack/Texture/Spark2.mat using Guid(a1ebb5132f727d043b53629a18b54fb3) Importer(815301076,1909f56bfc062723c751e8b465ee728b)  -> (artifact id: '1f75ad7e7abd47d9d058d81ff35facc9') in 0.032136 seconds 
========================================================================
Received Import Request.
  Time since last request: 0.000352 seconds.
  path: Assets/48 Particle Effect Pack/Texture/Smoke4.mat
  artifactKey: Guid(6d7056011f1a430418a308ed22098905) Importer(815301076,1909f56bfc062723c751e8b465ee728b)
Start importing Assets/48 Particle Effect Pack/Texture/Smoke4.mat using Guid(6d7056011f1a430418a308ed22098905) Importer(815301076,1909f56bfc062723c751e8b465ee728b)  -> (artifact id: '1d05eae2476c887544e3b66b4639ba39') in 0.034691 seconds 
========================================================================
Received Import Request.
  Time since last request: 0.000248 seconds.
  path: Assets/LowPoly Environment Pack/FBX/Materials/Yellow.2.mat
  artifactKey: Guid(88faa5a91a671444399e4dd91c9dc1da) Importer(815301076,1909f56bfc062723c751e8b465ee728b)
Start importing Assets/LowPoly Environment Pack/FBX/Materials/Yellow.2.mat using Guid(88faa5a91a671444399e4dd91c9dc1da) Importer(815301076,1909f56bfc062723c751e8b465ee728b)  -> (artifact id: 'f07f9dfc2f940445526e6fc71e631af2') in 0.026206 seconds 
========================================================================
Received Import Request.
  Time since last request: 0.000645 seconds.
  path: Assets/48 Particle Effect Pack/Texture/Ring.mat
  artifactKey: Guid(2fa09479d6bc66f4baa4f46c8f710867) Importer(815301076,1909f56bfc062723c751e8b465ee728b)
Start importing Assets/48 Particle Effect Pack/Texture/Ring.mat using Guid(2fa09479d6bc66f4baa4f46c8f710867) Importer(815301076,1909f56bfc062723c751e8b465ee728b)  -> (artifact id: 'bc4f18dc1a3deeae8daed1ffb9185837') in 0.030122 seconds 
========================================================================
Received Import Request.
  Time since last request: 0.000305 seconds.
  path: Assets/4_cartoon_terrains_0/Materials/textureStone.mat
  artifactKey: Guid(b8b28b5b8e905944dad6204d738086fe) Importer(815301076,1909f56bfc062723c751e8b465ee728b)
Start importing Assets/4_cartoon_terrains_0/Materials/textureStone.mat using Guid(b8b28b5b8e905944dad6204d738086fe) Importer(815301076,1909f56bfc062723c751e8b465ee728b)  -> (artifact id: '7286619cc478cd8ae0fd3a466d3bfc9a') in 0.028956 seconds 
========================================================================
Received Import Request.
  Time since last request: 0.000253 seconds.
  path: Assets/48 Particle Effect Pack/Texture/Spark5.mat
  artifactKey: Guid(e8866d69778db1648a2a24c7bd6e5b5a) Importer(815301076,1909f56bfc062723c751e8b465ee728b)
Start importing Assets/48 Particle Effect Pack/Texture/Spark5.mat using Guid(e8866d69778db1648a2a24c7bd6e5b5a) Importer(815301076,1909f56bfc062723c751e8b465ee728b)  -> (artifact id: '067ea0bd582a3290da128da168b9cb8b') in 0.030945 seconds 
========================================================================
Received Import Request.
  Time since last request: 0.000264 seconds.
  path: Assets/48 Particle Effect Pack/Texture/Smoke6.mat
  artifactKey: Guid(27f647092701743478e8a6f6b8b9b0ad) Importer(815301076,1909f56bfc062723c751e8b465ee728b)
Start importing Assets/48 Particle Effect Pack/Texture/Smoke6.mat using Guid(27f647092701743478e8a6f6b8b9b0ad) Importer(815301076,1909f56bfc062723c751e8b465ee728b)  -> (artifact id: 'd4989110bb6cc69307ac5ba4594c5e2f') in 0.034612 seconds 
========================================================================
Received Import Request.
  Time since last request: 0.000210 seconds.
  path: Assets/48 Particle Effect Pack/Texture/SnowCrystal2.mat
  artifactKey: Guid(2580527c6caaf0d40aee14435b63a2d1) Importer(815301076,1909f56bfc062723c751e8b465ee728b)
Start importing Assets/48 Particle Effect Pack/Texture/SnowCrystal2.mat using Guid(2580527c6caaf0d40aee14435b63a2d1) Importer(815301076,1909f56bfc062723c751e8b465ee728b)  -> (artifact id: 'd7b436c83982be69a1d7e6960b0d8236') in 0.029683 seconds 
========================================================================
Received Import Request.
  Time since last request: 0.000471 seconds.
  path: Assets/LowPoly Environment Pack/FBX/Materials/Yellow.1.mat
  artifactKey: Guid(a13e4ebaa5a967d44b6836ec8e9e2f89) Importer(815301076,1909f56bfc062723c751e8b465ee728b)
Start importing Assets/LowPoly Environment Pack/FBX/Materials/Yellow.1.mat using Guid(a13e4ebaa5a967d44b6836ec8e9e2f89) Importer(815301076,1909f56bfc062723c751e8b465ee728b)  -> (artifact id: 'e62597f56e3252abba86b8e9b9b61ee8') in 0.024622 seconds 
========================================================================
Received Import Request.
  Time since last request: 0.000283 seconds.
  path: Assets/Models/Environments/Fantasy/Trees/Source/trees.mat
  artifactKey: Guid(506a04d0535787e4abbc0cbf80e30301) Importer(815301076,1909f56bfc062723c751e8b465ee728b)
Start importing Assets/Models/Environments/Fantasy/Trees/Source/trees.mat using Guid(506a04d0535787e4abbc0cbf80e30301) Importer(815301076,1909f56bfc062723c751e8b465ee728b)  -> (artifact id: '6460087dc6ef369c39c967362135f23c') in 0.038535 seconds 
========================================================================
Received Import Request.
  Time since last request: 0.000209 seconds.
  path: Assets/Textures/SrineTex02.mat
  artifactKey: Guid(5dcdaec7befa76b45a022042bde40bb3) Importer(815301076,1909f56bfc062723c751e8b465ee728b)
Start importing Assets/Textures/SrineTex02.mat using Guid(5dcdaec7befa76b45a022042bde40bb3) Importer(815301076,1909f56bfc062723c751e8b465ee728b)  -> (artifact id: '8554af375fae4a18f38760feefcdc1ed') in 0.027568 seconds 
========================================================================
Received Import Request.
  Time since last request: 0.000271 seconds.
  path: Assets/48 Particle Effect Pack/Texture/Ring5.mat
  artifactKey: Guid(4db05a28dbb8a1747a2a366e8ebbf370) Importer(815301076,1909f56bfc062723c751e8b465ee728b)
Start importing Assets/48 Particle Effect Pack/Texture/Ring5.mat using Guid(4db05a28dbb8a1747a2a366e8ebbf370) Importer(815301076,1909f56bfc062723c751e8b465ee728b)  -> (artifact id: '04c96f1b5370bbc8920904619d19aa94') in 0.024983 seconds 
========================================================================
Received Import Request.
  Time since last request: 0.000280 seconds.
  path: Assets/48 Particle Effect Pack/Texture/Ring4.mat
  artifactKey: Guid(ce1a2cdc9db22ed4190e11159c00f4d3) Importer(815301076,1909f56bfc062723c751e8b465ee728b)
Start importing Assets/48 Particle Effect Pack/Texture/Ring4.mat using Guid(ce1a2cdc9db22ed4190e11159c00f4d3) Importer(815301076,1909f56bfc062723c751e8b465ee728b)  -> (artifact id: 'b6a2f4c99e8ff4ee146c98dbe185717e') in 0.044253 seconds 
========================================================================
Received Import Request.
  Time since last request: 0.000384 seconds.
  path: Assets/48 Particle Effect Pack/Texture/Smoke.mat
  artifactKey: Guid(e59de0e3c6b519c479c450ea945289d4) Importer(815301076,1909f56bfc062723c751e8b465ee728b)
Start importing Assets/48 Particle Effect Pack/Texture/Smoke.mat using Guid(e59de0e3c6b519c479c450ea945289d4) Importer(815301076,1909f56bfc062723c751e8b465ee728b)  -> (artifact id: 'b7678c500aff0ec287060780deb8fc51') in 0.033158 seconds 
========================================================================
Received Import Request.
  Time since last request: 0.000338 seconds.
  path: Assets/48 Particle Effect Pack/Texture/Spark8.mat
  artifactKey: Guid(b7b0f2d86aeefda4e846c89b05c9b891) Importer(815301076,1909f56bfc062723c751e8b465ee728b)
Start importing Assets/48 Particle Effect Pack/Texture/Spark8.mat using Guid(b7b0f2d86aeefda4e846c89b05c9b891) Importer(815301076,1909f56bfc062723c751e8b465ee728b)  -> (artifact id: '68f5eaf355adc7ddbed02ebc6cdcf45d') in 0.034221 seconds 
========================================================================
Received Import Request.
  Time since last request: 0.000274 seconds.
  path: Assets/48 Particle Effect Pack/Texture/Ring2.mat
  artifactKey: Guid(4186e9b6090f86f44ba623f55e461f6f) Importer(815301076,1909f56bfc062723c751e8b465ee728b)
Start importing Assets/48 Particle Effect Pack/Texture/Ring2.mat using Guid(4186e9b6090f86f44ba623f55e461f6f) Importer(815301076,1909f56bfc062723c751e8b465ee728b)  -> (artifact id: '084017994b84e3dad0b2c5d3c8ba3a34') in 0.033754 seconds 
========================================================================
Received Import Request.
  Time since last request: 0.000314 seconds.
  path: Assets/RPG Character Animation Pack FREE/Elements/Materials/Stage/Tree.mat
  artifactKey: Guid(da8188cae1fe5af42950bfdf27e02892) Importer(815301076,1909f56bfc062723c751e8b465ee728b)
Start importing Assets/RPG Character Animation Pack FREE/Elements/Materials/Stage/Tree.mat using Guid(da8188cae1fe5af42950bfdf27e02892) Importer(815301076,1909f56bfc062723c751e8b465ee728b)  -> (artifact id: '5373fe44440b440255d711625e5c5527') in 0.030768 seconds 
========================================================================
Received Import Request.
  Time since last request: 0.000317 seconds.
  path: Assets/Textures/SrineTex03.mat
  artifactKey: Guid(835e1507764403f4781cdc2ff61f9cd7) Importer(815301076,1909f56bfc062723c751e8b465ee728b)
Start importing Assets/Textures/SrineTex03.mat using Guid(835e1507764403f4781cdc2ff61f9cd7) Importer(815301076,1909f56bfc062723c751e8b465ee728b)  -> (artifact id: '577f8c88aac6bdc1ce73ab74a834eb2e') in 0.036074 seconds 
========================================================================
Received Import Request.
  Time since last request: 0.000293 seconds.
  path: Assets/RPG Character Animation Pack FREE/Elements/Materials/Stage/Rock.mat
  artifactKey: Guid(03fce1d65dd15344ea283861fdd1f428) Importer(815301076,1909f56bfc062723c751e8b465ee728b)
Start importing Assets/RPG Character Animation Pack FREE/Elements/Materials/Stage/Rock.mat using Guid(03fce1d65dd15344ea283861fdd1f428) Importer(815301076,1909f56bfc062723c751e8b465ee728b)  -> (artifact id: '81e184acb0087861b69b2f196f74e34d') in 0.032985 seconds 
========================================================================
Received Import Request.
  Time since last request: 0.000263 seconds.
  path: Assets/AlmGp_Lava/Lava_Stone_Material/Materials/Rock_lava.mat
  artifactKey: Guid(f130ea48a89185a44a7f9c00cd7a9d58) Importer(815301076,1909f56bfc062723c751e8b465ee728b)
Start importing Assets/AlmGp_Lava/Lava_Stone_Material/Materials/Rock_lava.mat using Guid(f130ea48a89185a44a7f9c00cd7a9d58) Importer(815301076,1909f56bfc062723c751e8b465ee728b)  -> (artifact id: '99dce1dd850c866f18a907cff21e6de9') in 0.037484 seconds 
========================================================================
Received Import Request.
  Time since last request: 0.000273 seconds.
  path: Assets/48 Particle Effect Pack/Texture/Spark4.mat
  artifactKey: Guid(1a517e705d717f642babb2b1d289c8da) Importer(815301076,1909f56bfc062723c751e8b465ee728b)
Start importing Assets/48 Particle Effect Pack/Texture/Spark4.mat using Guid(1a517e705d717f642babb2b1d289c8da) Importer(815301076,1909f56bfc062723c751e8b465ee728b)  -> (artifact id: 'c46d10efba846aaccdc5de2ca64aa529') in 0.028861 seconds 
========================================================================
Received Import Request.
  Time since last request: 0.000267 seconds.
  path: Assets/48 Particle Effect Pack/Texture/Spark7.mat
  artifactKey: Guid(61939c49e710a064ca43150a61c6e2d8) Importer(815301076,1909f56bfc062723c751e8b465ee728b)
Start importing Assets/48 Particle Effect Pack/Texture/Spark7.mat using Guid(61939c49e710a064ca43150a61c6e2d8) Importer(815301076,1909f56bfc062723c751e8b465ee728b)  -> (artifact id: '5e718a16ba749dada58d169b8a26b751') in 0.034524 seconds 
========================================================================
Received Prepare
Registering precompiled user dll's ...
Registered in 0.021739 seconds.
Begin MonoManager ReloadAssembly
Symbol file LoadedFromMemory doesn't match image C:\Users\lucas\Documents\GitHub\LookAway\Library\PackageCache\com.unity.collab-proxy@1.15.15\Lib\Editor\PlasticSCM\unityplastic.dll
Native extension for WindowsStandalone target not found
Refreshing native plugins compatible for Editor in 1.87 ms, found 2 plugins.
Preloading 0 native plugins for Editor in 0.00 ms.
Mono: successfully reloaded assembly
- Completed reload, in  2.398 seconds
Domain Reload Profiling:
	ReloadAssembly (2408ms)
		BeginReloadAssembly (707ms)
			ExecutionOrderSort (0ms)
			DisableScriptedObjects (76ms)
			BackupInstance (0ms)
			ReleaseScriptingObjects (1ms)
			CreateAndSetChildDomain (287ms)
		EndReloadAssembly (1521ms)
			LoadAssemblies (372ms)
			RebuildTransferFunctionScriptingTraits (1ms)
			SetupTypeCache (490ms)
			ReleaseScriptCaches (4ms)
			RebuildScriptCaches (61ms)
			SetupLoadedEditorAssemblies (510ms)
				LogAssemblyErrors (0ms)
				InitializePlatformSupportModulesInManaged (9ms)
				SetLoadedEditorAssemblies (3ms)
				RefreshPlugins (3ms)
				BeforeProcessingInitializeOnLoad (142ms)
				ProcessInitializeOnLoadAttributes (265ms)
				ProcessInitializeOnLoadMethodAttributes (79ms)
				AfterProcessingInitializeOnLoad (9ms)
				EditorAssembliesLoaded (1ms)
			ExecutionOrderSort2 (0ms)
			AwakeInstancesAfterBackupRestoration (19ms)
Platform modules already initialized, skipping
Refreshing native plugins compatible for Editor in 4.36 ms, found 2 plugins.
Preloading 0 native plugins for Editor in 0.00 ms.
Unloading 4103 Unused Serialized files (Serialized files now loaded: 0)
System memory in use before: 200.8 MB.
System memory in use after: 201.0 MB.

Unloading 54 unused Assets to reduce memory usage. Loaded Objects now: 4894.
Total: 36.863500 ms (FindLiveObjects: 4.082200 ms CreateObjectMapping: 0.403400 ms MarkObjects: 31.245900 ms  DeleteObjects: 0.863500 ms)

AssetImportParameters requested are different than current active one (requested -> active):
  custom:framework-win-MediaFoundation: 216162199b28c13a410421893ffa2e32 -> 
  custom:video-decoder-ogg-theora: a1e56fd34408186e4bbccfd4996cb3dc -> 
  custom:container-muxer-webm: aa71ff27fc2769a1b78a27578f13a17b -> 
  custom:container-demuxer-webm: 4f35f7cbe854078d1ac9338744f61a02 -> 
  custom:container-demuxer-ogg: 62fdf1f143b41e24485cea50d1cbac27 -> 
  custom:video-encoder-webm-vp8: eb34c28f22e8b96e1ab97ce403110664 -> 
  custom:video-codec-MediaFoundation-h265: 746d11721c4dcdbdad8f713fa42b33f4 -> 
  custom:video-decoder-webm-vp8: 9c59270c3fd7afecdb556c50c9e8de78 -> 
  custom:audio-decoder-ogg-vorbis: bf7c407c2cedff20999df2af8eb42d56 -> 
  custom:audio-encoder-webm-vorbis: bf7c407c2cedff20999df2af8eb42d56 -> 
========================================================================
Received Prepare
Registering precompiled user dll's ...
Registered in 0.019919 seconds.
Begin MonoManager ReloadAssembly
Symbol file LoadedFromMemory doesn't match image C:\Users\lucas\Documents\GitHub\LookAway\Library\PackageCache\com.unity.collab-proxy@1.15.15\Lib\Editor\PlasticSCM\unityplastic.dll
Native extension for WindowsStandalone target not found
Refreshing native plugins compatible for Editor in 1.16 ms, found 2 plugins.
Preloading 0 native plugins for Editor in 0.00 ms.
Mono: successfully reloaded assembly
- Completed reload, in  1.744 seconds
Domain Reload Profiling:
	ReloadAssembly (1746ms)
		BeginReloadAssembly (334ms)
			ExecutionOrderSort (0ms)
			DisableScriptedObjects (16ms)
			BackupInstance (0ms)
			ReleaseScriptingObjects (1ms)
			CreateAndSetChildDomain (114ms)
		EndReloadAssembly (1319ms)
			LoadAssemblies (291ms)
			RebuildTransferFunctionScriptingTraits (1ms)
			SetupTypeCache (365ms)
			ReleaseScriptCaches (2ms)
			RebuildScriptCaches (61ms)
			SetupLoadedEditorAssemblies (486ms)
				LogAssemblyErrors (0ms)
				InitializePlatformSupportModulesInManaged (5ms)
				SetLoadedEditorAssemblies (1ms)
				RefreshPlugins (1ms)
				BeforeProcessingInitializeOnLoad (125ms)
				ProcessInitializeOnLoadAttributes (267ms)
				ProcessInitializeOnLoadMethodAttributes (76ms)
				AfterProcessingInitializeOnLoad (9ms)
				EditorAssembliesLoaded (1ms)
			ExecutionOrderSort2 (0ms)
			AwakeInstancesAfterBackupRestoration (16ms)
Platform modules already initialized, skipping
Refreshing native plugins compatible for Editor in 1.19 ms, found 2 plugins.
Preloading 0 native plugins for Editor in 0.00 ms.
Unloading 4103 Unused Serialized files (Serialized files now loaded: 0)
System memory in use before: 200.8 MB.
System memory in use after: 201.0 MB.

Unloading 54 unused Assets to reduce memory usage. Loaded Objects now: 4897.
Total: 7.555200 ms (FindLiveObjects: 0.352500 ms CreateObjectMapping: 0.216800 ms MarkObjects: 6.819100 ms  DeleteObjects: 0.165900 ms)

AssetImportParameters requested are different than current active one (requested -> active):
  custom:framework-win-MediaFoundation: 216162199b28c13a410421893ffa2e32 -> 
  custom:video-decoder-ogg-theora: a1e56fd34408186e4bbccfd4996cb3dc -> 
  custom:container-muxer-webm: aa71ff27fc2769a1b78a27578f13a17b -> 
  custom:container-demuxer-webm: 4f35f7cbe854078d1ac9338744f61a02 -> 
  custom:container-demuxer-ogg: 62fdf1f143b41e24485cea50d1cbac27 -> 
  custom:video-encoder-webm-vp8: eb34c28f22e8b96e1ab97ce403110664 -> 
  custom:video-codec-MediaFoundation-h265: 746d11721c4dcdbdad8f713fa42b33f4 -> 
  custom:video-decoder-webm-vp8: 9c59270c3fd7afecdb556c50c9e8de78 -> 
  custom:audio-decoder-ogg-vorbis: bf7c407c2cedff20999df2af8eb42d56 -> 
  custom:audio-encoder-webm-vorbis: bf7c407c2cedff20999df2af8eb42d56 -> 
AssetImportWorkerClient::OnTransportError - code=2 error=End of file
